{"C:\\Users\\a-z\\Desktop\\Muna-Zeer-typescript\\dist\\controller\\imageController.js": {"path":"C:\\Users\\a-z\\Desktop\\Muna-Zeer-typescript\\dist\\controller\\imageController.js","statementMap":{"0":{"start":{"line":2,"column":16},"end":{"line":10,"column":1}},"1":{"start":{"line":3,"column":28},"end":{"line":3,"column":110}},"2":{"start":{"line":3,"column":91},"end":{"line":3,"column":106}},"3":{"start":{"line":4,"column":4},"end":{"line":9,"column":7}},"4":{"start":{"line":5,"column":36},"end":{"line":5,"column":97}},"5":{"start":{"line":5,"column":42},"end":{"line":5,"column":70}},"6":{"start":{"line":5,"column":85},"end":{"line":5,"column":95}},"7":{"start":{"line":6,"column":35},"end":{"line":6,"column":100}},"8":{"start":{"line":6,"column":41},"end":{"line":6,"column":73}},"9":{"start":{"line":6,"column":88},"end":{"line":6,"column":98}},"10":{"start":{"line":7,"column":32},"end":{"line":7,"column":116}},"11":{"start":{"line":8,"column":8},"end":{"line":8,"column":78}},"12":{"start":{"line":11,"column":22},"end":{"line":13,"column":1}},"13":{"start":{"line":12,"column":4},"end":{"line":12,"column":62}},"14":{"start":{"line":14,"column":0},"end":{"line":14,"column":62}},"15":{"start":{"line":15,"column":0},"end":{"line":15,"column":215}},"16":{"start":{"line":16,"column":11},"end":{"line":16,"column":24}},"17":{"start":{"line":17,"column":14},"end":{"line":17,"column":30}},"18":{"start":{"line":18,"column":15},"end":{"line":18,"column":47}},"19":{"start":{"line":19,"column":23},"end":{"line":19,"column":55}},"20":{"start":{"line":20,"column":0},"end":{"line":28,"column":2}},"21":{"start":{"line":22,"column":8},"end":{"line":22,"column":42}},"22":{"start":{"line":23,"column":8},"end":{"line":25,"column":9}},"23":{"start":{"line":24,"column":12},"end":{"line":24,"column":82}},"24":{"start":{"line":26,"column":8},"end":{"line":26,"column":85}},"25":{"start":{"line":30,"column":26},"end":{"line":40,"column":1}},"26":{"start":{"line":31,"column":22},"end":{"line":31,"column":66}},"27":{"start":{"line":32,"column":4},"end":{"line":39,"column":7}},"28":{"start":{"line":33,"column":8},"end":{"line":36,"column":9}},"29":{"start":{"line":34,"column":12},"end":{"line":34,"column":55}},"30":{"start":{"line":35,"column":12},"end":{"line":35,"column":39}},"31":{"start":{"line":37,"column":25},"end":{"line":37,"column":64}},"32":{"start":{"line":37,"column":45},"end":{"line":37,"column":63}},"33":{"start":{"line":38,"column":8},"end":{"line":38,"column":33}},"34":{"start":{"line":41,"column":0},"end":{"line":41,"column":46}},"35":{"start":{"line":42,"column":20},"end":{"line":51,"column":1}},"36":{"start":{"line":43,"column":4},"end":{"line":45,"column":5}},"37":{"start":{"line":44,"column":8},"end":{"line":44,"column":49}},"38":{"start":{"line":46,"column":22},"end":{"line":46,"column":69}},"39":{"start":{"line":47,"column":4},"end":{"line":47,"column":40}},"40":{"start":{"line":48,"column":21},"end":{"line":48,"column":55}},"41":{"start":{"line":49,"column":4},"end":{"line":49,"column":38}},"42":{"start":{"line":50,"column":4},"end":{"line":50,"column":35}},"43":{"start":{"line":52,"column":0},"end":{"line":75,"column":2}},"44":{"start":{"line":53,"column":29},"end":{"line":74,"column":6}},"45":{"start":{"line":54,"column":8},"end":{"line":73,"column":9}},"46":{"start":{"line":55,"column":48},"end":{"line":55,"column":56}},"47":{"start":{"line":56,"column":12},"end":{"line":56,"column":48}},"48":{"start":{"line":57,"column":44},"end":{"line":57,"column":65}},"49":{"start":{"line":58,"column":12},"end":{"line":60,"column":13}},"50":{"start":{"line":59,"column":16},"end":{"line":59,"column":94}},"51":{"start":{"line":61,"column":36},"end":{"line":61,"column":56}},"52":{"start":{"line":62,"column":37},"end":{"line":62,"column":98}},"53":{"start":{"line":63,"column":12},"end":{"line":68,"column":42}},"54":{"start":{"line":69,"column":12},"end":{"line":69,"column":85}},"55":{"start":{"line":72,"column":12},"end":{"line":72,"column":64}},"56":{"start":{"line":77,"column":0},"end":{"line":105,"column":2}},"57":{"start":{"line":78,"column":27},"end":{"line":104,"column":6}},"58":{"start":{"line":79,"column":8},"end":{"line":103,"column":9}},"59":{"start":{"line":80,"column":59},"end":{"line":80,"column":67}},"60":{"start":{"line":81,"column":12},"end":{"line":81,"column":48}},"61":{"start":{"line":82,"column":12},"end":{"line":82,"column":74}},"62":{"start":{"line":83,"column":12},"end":{"line":85,"column":13}},"63":{"start":{"line":84,"column":16},"end":{"line":84,"column":101}},"64":{"start":{"line":86,"column":12},"end":{"line":86,"column":48}},"65":{"start":{"line":87,"column":44},"end":{"line":87,"column":65}},"66":{"start":{"line":88,"column":36},"end":{"line":88,"column":54}},"67":{"start":{"line":89,"column":37},"end":{"line":89,"column":98}},"68":{"start":{"line":90,"column":12},"end":{"line":97,"column":42}},"69":{"start":{"line":98,"column":12},"end":{"line":98,"column":85}},"70":{"start":{"line":101,"column":12},"end":{"line":101,"column":33}},"71":{"start":{"line":102,"column":12},"end":{"line":102,"column":64}},"72":{"start":{"line":107,"column":0},"end":{"line":122,"column":2}},"73":{"start":{"line":108,"column":31},"end":{"line":121,"column":6}},"74":{"start":{"line":109,"column":8},"end":{"line":120,"column":9}},"75":{"start":{"line":110,"column":29},"end":{"line":110,"column":47}},"76":{"start":{"line":111,"column":34},"end":{"line":111,"column":55}},"77":{"start":{"line":112,"column":12},"end":{"line":114,"column":13}},"78":{"start":{"line":113,"column":16},"end":{"line":113,"column":86}},"79":{"start":{"line":115,"column":12},"end":{"line":115,"column":49}},"80":{"start":{"line":116,"column":12},"end":{"line":116,"column":43}},"81":{"start":{"line":119,"column":12},"end":{"line":119,"column":64}},"82":{"start":{"line":124,"column":24},"end":{"line":126,"column":2}},"83":{"start":{"line":124,"column":65},"end":{"line":126,"column":2}},"84":{"start":{"line":125,"column":4},"end":{"line":125,"column":65}},"85":{"start":{"line":128,"column":29},"end":{"line":130,"column":2}},"86":{"start":{"line":128,"column":59},"end":{"line":130,"column":2}},"87":{"start":{"line":129,"column":4},"end":{"line":129,"column":61}},"88":{"start":{"line":131,"column":0},"end":{"line":161,"column":2}},"89":{"start":{"line":132,"column":34},"end":{"line":160,"column":6}},"90":{"start":{"line":133,"column":8},"end":{"line":159,"column":9}},"91":{"start":{"line":134,"column":52},"end":{"line":134,"column":61}},"92":{"start":{"line":135,"column":12},"end":{"line":135,"column":46}},"93":{"start":{"line":136,"column":12},"end":{"line":136,"column":48}},"94":{"start":{"line":137,"column":12},"end":{"line":139,"column":13}},"95":{"start":{"line":138,"column":16},"end":{"line":138,"column":100}},"96":{"start":{"line":140,"column":12},"end":{"line":140,"column":48}},"97":{"start":{"line":141,"column":44},"end":{"line":141,"column":65}},"98":{"start":{"line":142,"column":35},"end":{"line":142,"column":55}},"99":{"start":{"line":143,"column":36},"end":{"line":143,"column":96}},"100":{"start":{"line":144,"column":12},"end":{"line":153,"column":13}},"101":{"start":{"line":146,"column":20},"end":{"line":146,"column":75}},"102":{"start":{"line":147,"column":20},"end":{"line":147,"column":26}},"103":{"start":{"line":149,"column":20},"end":{"line":149,"column":98}},"104":{"start":{"line":150,"column":20},"end":{"line":150,"column":26}},"105":{"start":{"line":152,"column":20},"end":{"line":152,"column":89}},"106":{"start":{"line":154,"column":12},"end":{"line":154,"column":86}},"107":{"start":{"line":157,"column":12},"end":{"line":157,"column":59}},"108":{"start":{"line":158,"column":12},"end":{"line":158,"column":64}},"109":{"start":{"line":162,"column":0},"end":{"line":187,"column":2}},"110":{"start":{"line":163,"column":32},"end":{"line":186,"column":6}},"111":{"start":{"line":164,"column":8},"end":{"line":185,"column":9}},"112":{"start":{"line":165,"column":50},"end":{"line":165,"column":58}},"113":{"start":{"line":166,"column":12},"end":{"line":168,"column":13}},"114":{"start":{"line":167,"column":16},"end":{"line":167,"column":107}},"115":{"start":{"line":169,"column":12},"end":{"line":169,"column":48}},"116":{"start":{"line":170,"column":44},"end":{"line":170,"column":65}},"117":{"start":{"line":171,"column":35},"end":{"line":171,"column":58}},"118":{"start":{"line":172,"column":36},"end":{"line":172,"column":96}},"119":{"start":{"line":173,"column":12},"end":{"line":180,"column":41}},"120":{"start":{"line":181,"column":12},"end":{"line":181,"column":86}},"121":{"start":{"line":184,"column":12},"end":{"line":184,"column":64}}},"fnMap":{"0":{"name":"(anonymous_0)","decl":{"start":{"line":2,"column":44},"end":{"line":2,"column":45}},"loc":{"start":{"line":2,"column":89},"end":{"line":10,"column":1}},"line":2},"1":{"name":"adopt","decl":{"start":{"line":3,"column":13},"end":{"line":3,"column":18}},"loc":{"start":{"line":3,"column":26},"end":{"line":3,"column":112}},"line":3},"2":{"name":"(anonymous_2)","decl":{"start":{"line":3,"column":70},"end":{"line":3,"column":71}},"loc":{"start":{"line":3,"column":89},"end":{"line":3,"column":108}},"line":3},"3":{"name":"(anonymous_3)","decl":{"start":{"line":4,"column":36},"end":{"line":4,"column":37}},"loc":{"start":{"line":4,"column":63},"end":{"line":9,"column":5}},"line":4},"4":{"name":"fulfilled","decl":{"start":{"line":5,"column":17},"end":{"line":5,"column":26}},"loc":{"start":{"line":5,"column":34},"end":{"line":5,"column":99}},"line":5},"5":{"name":"rejected","decl":{"start":{"line":6,"column":17},"end":{"line":6,"column":25}},"loc":{"start":{"line":6,"column":33},"end":{"line":6,"column":102}},"line":6},"6":{"name":"step","decl":{"start":{"line":7,"column":17},"end":{"line":7,"column":21}},"loc":{"start":{"line":7,"column":30},"end":{"line":7,"column":118}},"line":7},"7":{"name":"(anonymous_7)","decl":{"start":{"line":11,"column":56},"end":{"line":11,"column":57}},"loc":{"start":{"line":11,"column":71},"end":{"line":13,"column":1}},"line":11},"8":{"name":"(anonymous_8)","decl":{"start":{"line":21,"column":17},"end":{"line":21,"column":18}},"loc":{"start":{"line":21,"column":31},"end":{"line":27,"column":5}},"line":21},"9":{"name":"(anonymous_9)","decl":{"start":{"line":30,"column":26},"end":{"line":30,"column":27}},"loc":{"start":{"line":30,"column":40},"end":{"line":40,"column":1}},"line":30},"10":{"name":"(anonymous_10)","decl":{"start":{"line":32,"column":26},"end":{"line":32,"column":27}},"loc":{"start":{"line":32,"column":42},"end":{"line":39,"column":5}},"line":32},"11":{"name":"(anonymous_11)","decl":{"start":{"line":37,"column":35},"end":{"line":37,"column":36}},"loc":{"start":{"line":37,"column":45},"end":{"line":37,"column":63}},"line":37},"12":{"name":"(anonymous_12)","decl":{"start":{"line":42,"column":20},"end":{"line":42,"column":21}},"loc":{"start":{"line":42,"column":34},"end":{"line":51,"column":1}},"line":42},"13":{"name":"(anonymous_13)","decl":{"start":{"line":53,"column":15},"end":{"line":53,"column":16}},"loc":{"start":{"line":53,"column":29},"end":{"line":74,"column":6}},"line":53},"14":{"name":"(anonymous_14)","decl":{"start":{"line":53,"column":63},"end":{"line":53,"column":64}},"loc":{"start":{"line":53,"column":76},"end":{"line":74,"column":5}},"line":53},"15":{"name":"(anonymous_15)","decl":{"start":{"line":78,"column":13},"end":{"line":78,"column":14}},"loc":{"start":{"line":78,"column":27},"end":{"line":104,"column":6}},"line":78},"16":{"name":"(anonymous_16)","decl":{"start":{"line":78,"column":61},"end":{"line":78,"column":62}},"loc":{"start":{"line":78,"column":74},"end":{"line":104,"column":5}},"line":78},"17":{"name":"(anonymous_17)","decl":{"start":{"line":108,"column":17},"end":{"line":108,"column":18}},"loc":{"start":{"line":108,"column":31},"end":{"line":121,"column":6}},"line":108},"18":{"name":"(anonymous_18)","decl":{"start":{"line":108,"column":65},"end":{"line":108,"column":66}},"loc":{"start":{"line":108,"column":78},"end":{"line":121,"column":5}},"line":108},"19":{"name":"(anonymous_19)","decl":{"start":{"line":124,"column":24},"end":{"line":124,"column":25}},"loc":{"start":{"line":124,"column":65},"end":{"line":126,"column":2}},"line":124},"20":{"name":"(anonymous_20)","decl":{"start":{"line":124,"column":99},"end":{"line":124,"column":100}},"loc":{"start":{"line":124,"column":112},"end":{"line":126,"column":1}},"line":124},"21":{"name":"(anonymous_21)","decl":{"start":{"line":128,"column":29},"end":{"line":128,"column":30}},"loc":{"start":{"line":128,"column":59},"end":{"line":130,"column":2}},"line":128},"22":{"name":"(anonymous_22)","decl":{"start":{"line":128,"column":93},"end":{"line":128,"column":94}},"loc":{"start":{"line":128,"column":106},"end":{"line":130,"column":1}},"line":128},"23":{"name":"(anonymous_23)","decl":{"start":{"line":132,"column":20},"end":{"line":132,"column":21}},"loc":{"start":{"line":132,"column":34},"end":{"line":160,"column":6}},"line":132},"24":{"name":"(anonymous_24)","decl":{"start":{"line":132,"column":68},"end":{"line":132,"column":69}},"loc":{"start":{"line":132,"column":81},"end":{"line":160,"column":5}},"line":132},"25":{"name":"(anonymous_25)","decl":{"start":{"line":163,"column":18},"end":{"line":163,"column":19}},"loc":{"start":{"line":163,"column":32},"end":{"line":186,"column":6}},"line":163},"26":{"name":"(anonymous_26)","decl":{"start":{"line":163,"column":66},"end":{"line":163,"column":67}},"loc":{"start":{"line":163,"column":79},"end":{"line":186,"column":5}},"line":163}},"branchMap":{"0":{"loc":{"start":{"line":2,"column":16},"end":{"line":10,"column":1}},"type":"binary-expr","locations":[{"start":{"line":2,"column":17},"end":{"line":2,"column":21}},{"start":{"line":2,"column":25},"end":{"line":2,"column":39}},{"start":{"line":2,"column":44},"end":{"line":10,"column":1}}],"line":2},"1":{"loc":{"start":{"line":3,"column":35},"end":{"line":3,"column":109}},"type":"cond-expr","locations":[{"start":{"line":3,"column":56},"end":{"line":3,"column":61}},{"start":{"line":3,"column":64},"end":{"line":3,"column":109}}],"line":3},"2":{"loc":{"start":{"line":4,"column":16},"end":{"line":4,"column":34}},"type":"binary-expr","locations":[{"start":{"line":4,"column":16},"end":{"line":4,"column":17}},{"start":{"line":4,"column":22},"end":{"line":4,"column":33}}],"line":4},"3":{"loc":{"start":{"line":7,"column":32},"end":{"line":7,"column":115}},"type":"cond-expr","locations":[{"start":{"line":7,"column":46},"end":{"line":7,"column":67}},{"start":{"line":7,"column":70},"end":{"line":7,"column":115}}],"line":7},"4":{"loc":{"start":{"line":8,"column":51},"end":{"line":8,"column":67}},"type":"binary-expr","locations":[{"start":{"line":8,"column":51},"end":{"line":8,"column":61}},{"start":{"line":8,"column":65},"end":{"line":8,"column":67}}],"line":8},"5":{"loc":{"start":{"line":11,"column":22},"end":{"line":13,"column":1}},"type":"binary-expr","locations":[{"start":{"line":11,"column":23},"end":{"line":11,"column":27}},{"start":{"line":11,"column":31},"end":{"line":11,"column":51}},{"start":{"line":11,"column":56},"end":{"line":13,"column":1}}],"line":11},"6":{"loc":{"start":{"line":12,"column":11},"end":{"line":12,"column":61}},"type":"cond-expr","locations":[{"start":{"line":12,"column":37},"end":{"line":12,"column":40}},{"start":{"line":12,"column":43},"end":{"line":12,"column":61}}],"line":12},"7":{"loc":{"start":{"line":12,"column":12},"end":{"line":12,"column":33}},"type":"binary-expr","locations":[{"start":{"line":12,"column":12},"end":{"line":12,"column":15}},{"start":{"line":12,"column":19},"end":{"line":12,"column":33}}],"line":12},"8":{"loc":{"start":{"line":23,"column":8},"end":{"line":25,"column":9}},"type":"if","locations":[{"start":{"line":23,"column":8},"end":{"line":25,"column":9}},{"start":{},"end":{}}],"line":23},"9":{"loc":{"start":{"line":33,"column":8},"end":{"line":36,"column":9}},"type":"if","locations":[{"start":{"line":33,"column":8},"end":{"line":36,"column":9}},{"start":{},"end":{}}],"line":33},"10":{"loc":{"start":{"line":43,"column":4},"end":{"line":45,"column":5}},"type":"if","locations":[{"start":{"line":43,"column":4},"end":{"line":45,"column":5}},{"start":{},"end":{}}],"line":43},"11":{"loc":{"start":{"line":58,"column":12},"end":{"line":60,"column":13}},"type":"if","locations":[{"start":{"line":58,"column":12},"end":{"line":60,"column":13}},{"start":{},"end":{}}],"line":58},"12":{"loc":{"start":{"line":58,"column":16},"end":{"line":58,"column":33}},"type":"binary-expr","locations":[{"start":{"line":58,"column":16},"end":{"line":58,"column":22}},{"start":{"line":58,"column":26},"end":{"line":58,"column":33}}],"line":58},"13":{"loc":{"start":{"line":83,"column":12},"end":{"line":85,"column":13}},"type":"if","locations":[{"start":{"line":83,"column":12},"end":{"line":85,"column":13}},{"start":{},"end":{}}],"line":83},"14":{"loc":{"start":{"line":83,"column":16},"end":{"line":83,"column":50}},"type":"binary-expr","locations":[{"start":{"line":83,"column":16},"end":{"line":83,"column":21}},{"start":{"line":83,"column":25},"end":{"line":83,"column":29}},{"start":{"line":83,"column":33},"end":{"line":83,"column":39}},{"start":{"line":83,"column":43},"end":{"line":83,"column":50}}],"line":83},"15":{"loc":{"start":{"line":112,"column":12},"end":{"line":114,"column":13}},"type":"if","locations":[{"start":{"line":112,"column":12},"end":{"line":114,"column":13}},{"start":{},"end":{}}],"line":112},"16":{"loc":{"start":{"line":137,"column":12},"end":{"line":139,"column":13}},"type":"if","locations":[{"start":{"line":137,"column":12},"end":{"line":139,"column":13}},{"start":{},"end":{}}],"line":137},"17":{"loc":{"start":{"line":137,"column":16},"end":{"line":137,"column":36}},"type":"binary-expr","locations":[{"start":{"line":137,"column":16},"end":{"line":137,"column":23}},{"start":{"line":137,"column":27},"end":{"line":137,"column":36}}],"line":137},"18":{"loc":{"start":{"line":144,"column":12},"end":{"line":153,"column":13}},"type":"switch","locations":[{"start":{"line":145,"column":16},"end":{"line":147,"column":26}},{"start":{"line":148,"column":16},"end":{"line":150,"column":26}},{"start":{"line":151,"column":16},"end":{"line":152,"column":89}}],"line":144},"19":{"loc":{"start":{"line":149,"column":79},"end":{"line":149,"column":95}},"type":"binary-expr","locations":[{"start":{"line":149,"column":79},"end":{"line":149,"column":88}},{"start":{"line":149,"column":92},"end":{"line":149,"column":95}}],"line":149},"20":{"loc":{"start":{"line":166,"column":12},"end":{"line":168,"column":13}},"type":"if","locations":[{"start":{"line":166,"column":12},"end":{"line":168,"column":13}},{"start":{},"end":{}}],"line":166},"21":{"loc":{"start":{"line":166,"column":16},"end":{"line":166,"column":51}},"type":"binary-expr","locations":[{"start":{"line":166,"column":16},"end":{"line":166,"column":20}},{"start":{"line":166,"column":24},"end":{"line":166,"column":29}},{"start":{"line":166,"column":33},"end":{"line":166,"column":38}},{"start":{"line":166,"column":42},"end":{"line":166,"column":51}}],"line":166}},"s":{"0":1,"1":4,"2":3,"3":6,"4":4,"5":4,"6":0,"7":0,"8":0,"9":0,"10":9,"11":6,"12":1,"13":1,"14":1,"15":1,"16":1,"17":1,"18":1,"19":1,"20":1,"21":1,"22":1,"23":0,"24":1,"25":1,"26":0,"27":0,"28":0,"29":0,"30":0,"31":0,"32":0,"33":0,"34":1,"35":1,"36":5,"37":0,"38":5,"39":5,"40":5,"41":5,"42":5,"43":1,"44":1,"45":1,"46":1,"47":1,"48":1,"49":1,"50":0,"51":1,"52":1,"53":1,"54":1,"55":0,"56":1,"57":1,"58":1,"59":1,"60":1,"61":1,"62":1,"63":0,"64":1,"65":1,"66":1,"67":1,"68":1,"69":0,"70":1,"71":1,"72":1,"73":1,"74":1,"75":1,"76":1,"77":1,"78":0,"79":1,"80":1,"81":0,"82":1,"83":0,"84":0,"85":1,"86":1,"87":1,"88":1,"89":1,"90":1,"91":1,"92":1,"93":1,"94":1,"95":0,"96":1,"97":1,"98":1,"99":1,"100":1,"101":1,"102":1,"103":0,"104":0,"105":0,"106":1,"107":0,"108":0,"109":1,"110":1,"111":1,"112":1,"113":1,"114":0,"115":1,"116":1,"117":1,"118":1,"119":1,"120":1,"121":0},"f":{"0":6,"1":4,"2":3,"3":6,"4":4,"5":0,"6":9,"7":1,"8":1,"9":0,"10":0,"11":0,"12":5,"13":1,"14":1,"15":1,"16":1,"17":1,"18":1,"19":0,"20":0,"21":1,"22":1,"23":1,"24":1,"25":1,"26":1},"b":{"0":[1,1,1],"1":[1,3],"2":[6,6],"3":[5,4],"4":[6,6],"5":[1,1,1],"6":[0,1],"7":[1,1],"8":[0,1],"9":[0,0],"10":[0,5],"11":[0,1],"12":[1,1],"13":[0,1],"14":[1,1,1,1],"15":[0,1],"16":[0,1],"17":[1,1],"18":[1,0,0],"19":[0,0],"20":[0,1],"21":[1,1,1,1]},"_coverageSchema":"1a1c01bbd47fc00a2c39e90264f33305004495a9","hash":"c52531fcca8d2ea86e2a1cb374cd2f42f7f5a9df"}
,"C:\\Users\\a-z\\Desktop\\Muna-Zeer-typescript\\dist\\utils\\errorHandler.js": {"path":"C:\\Users\\a-z\\Desktop\\Muna-Zeer-typescript\\dist\\utils\\errorHandler.js","statementMap":{"0":{"start":{"line":2,"column":0},"end":{"line":2,"column":62}},"1":{"start":{"line":3,"column":0},"end":{"line":3,"column":78}},"2":{"start":{"line":4,"column":21},"end":{"line":6,"column":1}},"3":{"start":{"line":5,"column":4},"end":{"line":5,"column":45}},"4":{"start":{"line":7,"column":0},"end":{"line":7,"column":36}},"5":{"start":{"line":8,"column":21},"end":{"line":11,"column":1}},"6":{"start":{"line":9,"column":4},"end":{"line":9,"column":23}},"7":{"start":{"line":10,"column":4},"end":{"line":10,"column":70}},"8":{"start":{"line":12,"column":0},"end":{"line":12,"column":36}},"9":{"start":{"line":13,"column":23},"end":{"line":15,"column":1}},"10":{"start":{"line":14,"column":4},"end":{"line":14,"column":45}},"11":{"start":{"line":16,"column":0},"end":{"line":16,"column":40}}},"fnMap":{"0":{"name":"(anonymous_0)","decl":{"start":{"line":4,"column":21},"end":{"line":4,"column":22}},"loc":{"start":{"line":4,"column":39},"end":{"line":6,"column":1}},"line":4},"1":{"name":"(anonymous_1)","decl":{"start":{"line":8,"column":21},"end":{"line":8,"column":22}},"loc":{"start":{"line":8,"column":37},"end":{"line":11,"column":1}},"line":8},"2":{"name":"(anonymous_2)","decl":{"start":{"line":13,"column":23},"end":{"line":13,"column":24}},"loc":{"start":{"line":13,"column":41},"end":{"line":15,"column":1}},"line":13}},"branchMap":{},"s":{"0":1,"1":1,"2":1,"3":0,"4":1,"5":1,"6":1,"7":1,"8":1,"9":1,"10":1,"11":1},"f":{"0":0,"1":1,"2":1},"b":{},"_coverageSchema":"1a1c01bbd47fc00a2c39e90264f33305004495a9","hash":"83f8d4ab76995e21388976000bfc78d6cbedc217"}
}
