TN:
SF:dist\controller\imageController.js
FN:2,(anonymous_0)
FN:3,adopt
FN:3,(anonymous_2)
FN:4,(anonymous_3)
FN:5,fulfilled
FN:6,rejected
FN:7,step
FN:11,(anonymous_7)
FN:21,(anonymous_8)
FN:30,(anonymous_9)
FN:32,(anonymous_10)
FN:37,(anonymous_11)
FN:42,(anonymous_12)
FN:53,(anonymous_13)
FN:53,(anonymous_14)
FN:78,(anonymous_15)
FN:78,(anonymous_16)
FN:108,(anonymous_17)
FN:108,(anonymous_18)
FN:124,(anonymous_19)
FN:124,(anonymous_20)
FN:128,(anonymous_21)
FN:128,(anonymous_22)
FN:132,(anonymous_23)
FN:132,(anonymous_24)
FN:163,(anonymous_25)
FN:163,(anonymous_26)
FNF:27
FNH:21
FNDA:6,(anonymous_0)
FNDA:4,adopt
FNDA:3,(anonymous_2)
FNDA:6,(anonymous_3)
FNDA:4,fulfilled
FNDA:0,rejected
FNDA:9,step
FNDA:1,(anonymous_7)
FNDA:1,(anonymous_8)
FNDA:0,(anonymous_9)
FNDA:0,(anonymous_10)
FNDA:0,(anonymous_11)
FNDA:5,(anonymous_12)
FNDA:1,(anonymous_13)
FNDA:1,(anonymous_14)
FNDA:1,(anonymous_15)
FNDA:1,(anonymous_16)
FNDA:1,(anonymous_17)
FNDA:1,(anonymous_18)
FNDA:0,(anonymous_19)
FNDA:0,(anonymous_20)
FNDA:1,(anonymous_21)
FNDA:1,(anonymous_22)
FNDA:1,(anonymous_23)
FNDA:1,(anonymous_24)
FNDA:1,(anonymous_25)
FNDA:1,(anonymous_26)
DA:2,1
DA:3,4
DA:4,6
DA:5,4
DA:6,0
DA:7,9
DA:8,6
DA:11,1
DA:12,1
DA:14,1
DA:15,1
DA:16,1
DA:17,1
DA:18,1
DA:19,1
DA:20,1
DA:22,1
DA:23,1
DA:24,0
DA:26,1
DA:30,1
DA:31,0
DA:32,0
DA:33,0
DA:34,0
DA:35,0
DA:37,0
DA:38,0
DA:41,1
DA:42,1
DA:43,5
DA:44,0
DA:46,5
DA:47,5
DA:48,5
DA:49,5
DA:50,5
DA:52,1
DA:53,1
DA:54,1
DA:55,1
DA:56,1
DA:57,1
DA:58,1
DA:59,0
DA:61,1
DA:62,1
DA:63,1
DA:69,1
DA:72,0
DA:77,1
DA:78,1
DA:79,1
DA:80,1
DA:81,1
DA:82,1
DA:83,1
DA:84,0
DA:86,1
DA:87,1
DA:88,1
DA:89,1
DA:90,1
DA:98,0
DA:101,1
DA:102,1
DA:107,1
DA:108,1
DA:109,1
DA:110,1
DA:111,1
DA:112,1
DA:113,0
DA:115,1
DA:116,1
DA:119,0
DA:124,1
DA:125,0
DA:128,1
DA:129,1
DA:131,1
DA:132,1
DA:133,1
DA:134,1
DA:135,1
DA:136,1
DA:137,1
DA:138,0
DA:140,1
DA:141,1
DA:142,1
DA:143,1
DA:144,1
DA:146,1
DA:147,1
DA:149,0
DA:150,0
DA:152,0
DA:154,1
DA:157,0
DA:158,0
DA:162,1
DA:163,1
DA:164,1
DA:165,1
DA:166,1
DA:167,0
DA:169,1
DA:170,1
DA:171,1
DA:172,1
DA:173,1
DA:181,1
DA:184,0
LF:114
LH:89
BRDA:2,0,0,1
BRDA:2,0,1,1
BRDA:2,0,2,1
BRDA:3,1,0,1
BRDA:3,1,1,3
BRDA:4,2,0,6
BRDA:4,2,1,6
BRDA:7,3,0,5
BRDA:7,3,1,4
BRDA:8,4,0,6
BRDA:8,4,1,6
BRDA:11,5,0,1
BRDA:11,5,1,1
BRDA:11,5,2,1
BRDA:12,6,0,0
BRDA:12,6,1,1
BRDA:12,7,0,1
BRDA:12,7,1,1
BRDA:23,8,0,0
BRDA:23,8,1,1
BRDA:33,9,0,0
BRDA:33,9,1,0
BRDA:43,10,0,0
BRDA:43,10,1,5
BRDA:58,11,0,0
BRDA:58,11,1,1
BRDA:58,12,0,1
BRDA:58,12,1,1
BRDA:83,13,0,0
BRDA:83,13,1,1
BRDA:83,14,0,1
BRDA:83,14,1,1
BRDA:83,14,2,1
BRDA:83,14,3,1
BRDA:112,15,0,0
BRDA:112,15,1,1
BRDA:137,16,0,0
BRDA:137,16,1,1
BRDA:137,17,0,1
BRDA:137,17,1,1
BRDA:144,18,0,1
BRDA:144,18,1,0
BRDA:144,18,2,0
BRDA:149,19,0,0
BRDA:149,19,1,0
BRDA:166,20,0,0
BRDA:166,20,1,1
BRDA:166,21,0,1
BRDA:166,21,1,1
BRDA:166,21,2,1
BRDA:166,21,3,1
BRF:51
BRH:37
end_of_record
TN:
SF:dist\utils\errorHandler.js
FN:4,(anonymous_0)
FN:8,(anonymous_1)
FN:13,(anonymous_2)
FNF:3
FNH:2
FNDA:0,(anonymous_0)
FNDA:1,(anonymous_1)
FNDA:1,(anonymous_2)
DA:2,1
DA:3,1
DA:4,1
DA:5,0
DA:7,1
DA:8,1
DA:9,1
DA:10,1
DA:12,1
DA:13,1
DA:14,1
DA:16,1
LF:12
LH:11
BRF:0
BRH:0
end_of_record
